<?xml version="1.0" encoding="UTF-8"?>
<!-- Generated by org.testng.reporters.JUnitReportReporter -->
<testsuite hostname="DESKTOP-U73JM6R" failures="0" tests="2" name="com.sgtesting.mavendemo.TestCases" time="0.003" errors="0" timestamp="2022-09-21T13:10:36 IST" skipped="0">
  <testcase classname="com.sgtesting.mavendemo.TestCases" name="method2" time="0.000"/>
  <system-out/>
  <testcase classname="com.sgtesting.mavendemo.TestCases" name="method1" time="0.003"/>
  <system-out/>
</testsuite> <!-- com.sgtesting.mavendemo.TestCases -->
